  ____________       _____________
 ____    |__( )_________  __/__  /________      __
____  /| |_  /__  ___/_  /_ __  /_  __ \_ | /| / /
___  ___ |  / _  /   _  __/ _  / / /_/ /_ |/ |/ /
 _/_/  |_/_/  /_/    /_/    /_/  \____/____/|__/
[[34m2026-04-07T10:11:01.127+0700[0m] {[34mtask_context_logger.py:[0m63} INFO[0m - Task context logging is enabled[0m
[[34m2026-04-07T10:11:01.129+0700[0m] {[34mexecutor_loader.py:[0m235} INFO[0m - Loaded executor: SequentialExecutor[0m
[2026-04-07 10:11:01 +0700] [4336] [INFO] Starting gunicorn 22.0.0
[2026-04-07 10:11:01 +0700] [4336] [INFO] Listening at: http://[::]:8793 (4336)
[2026-04-07 10:11:01 +0700] [4336] [INFO] Using worker: sync
[2026-04-07 10:11:01 +0700] [4337] [INFO] Booting worker with pid: 4337
[[34m2026-04-07T10:11:01.229+0700[0m] {[34mscheduler_job_runner.py:[0m796} INFO[0m - Starting the scheduler[0m
[[34m2026-04-07T10:11:01.231+0700[0m] {[34mscheduler_job_runner.py:[0m803} INFO[0m - Processing each file at most -1 times[0m
[[34m2026-04-07T10:11:01.242+0700[0m] {[34mmanager.py:[0m170} INFO[0m - Launched DagFileProcessorManager with pid: 4338[0m
[[34m2026-04-07T10:11:01.244+0700[0m] {[34mscheduler_job_runner.py:[0m1595} INFO[0m - Adopting or resetting orphaned tasks for active dag runs[0m
[[34m2026-04-07T10:11:01.250+0700[0m] {[34msettings.py:[0m60} INFO[0m - Configured default timezone UTC[0m
[2026-04-07 10:11:01 +0700] [4339] [INFO] Booting worker with pid: 4339
[2026-04-07T10:11:01.343+0700] {manager.py:393} WARNING - Because we cannot use more than 1 thread (parsing_processes = 2) when using sqlite. So we set parallelism to 1.
[[34m2026-04-07T10:15:39.473+0700[0m] {[34mscheduler_job_runner.py:[0m1595} INFO[0m - Adopting or resetting orphaned tasks for active dag runs[0m
[[34m2026-04-07T10:18:43.446+0700[0m] {[34mscheduler_job_runner.py:[0m256} INFO[0m - Exiting gracefully upon receiving signal 15[0m
[[34m2026-04-07T10:18:43.578+0700[0m] {[34mprocess_utils.py:[0m132} INFO[0m - Sending Signals.SIGTERM to group 4338. PIDs of all processes in the group: [][0m
[[34m2026-04-07T10:18:43.578+0700[0m] {[34mprocess_utils.py:[0m87} INFO[0m - Sending the signal Signals.SIGTERM to group 4338[0m
[[34m2026-04-07T10:18:43.579+0700[0m] {[34mprocess_utils.py:[0m101} INFO[0m - Sending the signal Signals.SIGTERM to process 4338 as process group is missing.[0m
[[34m2026-04-07T10:18:43.583+0700[0m] {[34mprocess_utils.py:[0m132} INFO[0m - Sending Signals.SIGTERM to group 4338. PIDs of all processes in the group: [][0m
[[34m2026-04-07T10:18:43.583+0700[0m] {[34mprocess_utils.py:[0m87} INFO[0m - Sending the signal Signals.SIGTERM to group 4338[0m
[[34m2026-04-07T10:18:43.584+0700[0m] {[34mprocess_utils.py:[0m101} INFO[0m - Sending the signal Signals.SIGTERM to process 4338 as process group is missing.[0m
[[34m2026-04-07T10:18:43.585+0700[0m] {[34mscheduler_job_runner.py:[0m872} INFO[0m - Exited execute loop[0m
[2026-04-07 10:18:43 +0700] [4336] [INFO] Handling signal: term
[2026-04-07 10:18:43 +0700] [4337] [INFO] Worker exiting (pid: 4337)
[2026-04-07 10:18:43 +0700] [4339] [INFO] Worker exiting (pid: 4339)
[2026-04-07 10:18:43 +0700] [4336] [INFO] Shutting down: Master
