[[34m2026-04-07T10:10:57.682+0700[0m] {[34mconfiguration.py:[0m2087} INFO[0m - Creating new FAB webserver config file in: /mnt/d/Do an tot nghiep 2026/RAG Pineline/airflow_home/webserver_config.py[0m
/home/minhduc/airflow_env/lib/python3.9/site-packages/flask_limiter/extension.py:337 UserWarning: Using the in-memory storage for tracking rate limits as no storage was explicitly specified. This is not recommended for production use. See: https://flask-limiter.readthedocs.io#configuring-a-storage-backend for documentation about configuring the storage backend.
[[34m2026-04-07T10:11:00.425+0700[0m] {[34moverride.py:[0m1829} INFO[0m - Created Permission View: can create on DAG Runs[0m
[[34m2026-04-07T10:11:00.474+0700[0m] {[34moverride.py:[0m1880} INFO[0m - Added Permission can create on DAG Runs to role Admin[0m
[[34m2026-04-07T10:11:00.530+0700[0m] {[34moverride.py:[0m1829} INFO[0m - Created Permission View: can read on DAG Runs[0m
[[34m2026-04-07T10:11:00.577+0700[0m] {[34moverride.py:[0m1880} INFO[0m - Added Permission can read on DAG Runs to role Admin[0m
[[34m2026-04-07T10:11:00.621+0700[0m] {[34moverride.py:[0m1829} INFO[0m - Created Permission View: can edit on DAG Runs[0m
[[34m2026-04-07T10:11:00.671+0700[0m] {[34moverride.py:[0m1880} INFO[0m - Added Permission can edit on DAG Runs to role Admin[0m
[[34m2026-04-07T10:11:00.725+0700[0m] {[34moverride.py:[0m1829} INFO[0m - Created Permission View: can delete on DAG Runs[0m
[[34m2026-04-07T10:11:00.789+0700[0m] {[34moverride.py:[0m1880} INFO[0m - Added Permission can delete on DAG Runs to role Admin[0m
[[34m2026-04-07T10:11:00.858+0700[0m] {[34moverride.py:[0m1829} INFO[0m - Created Permission View: menu access on DAG Runs[0m
[[34m2026-04-07T10:11:00.910+0700[0m] {[34moverride.py:[0m1880} INFO[0m - Added Permission menu access on DAG Runs to role Admin[0m
[[34m2026-04-07T10:11:01.088+0700[0m] {[34moverride.py:[0m1829} INFO[0m - Created Permission View: menu access on Browse[0m
[[34m2026-04-07T10:11:01.115+0700[0m] {[34moverride.py:[0m1880} INFO[0m - Added Permission menu access on Browse to role Admin[0m
[[34m2026-04-07T10:11:01.267+0700[0m] {[34moverride.py:[0m1829} INFO[0m - Created Permission View: can read on Jobs[0m
[[34m2026-04-07T10:11:01.348+0700[0m] {[34moverride.py:[0m1880} INFO[0m - Added Permission can read on Jobs to role Admin[0m
[[34m2026-04-07T10:11:01.398+0700[0m] {[34moverride.py:[0m1829} INFO[0m - Created Permission View: menu access on Jobs[0m
[[34m2026-04-07T10:11:01.435+0700[0m] {[34moverride.py:[0m1880} INFO[0m - Added Permission menu access on Jobs to role Admin[0m
[[34m2026-04-07T10:11:01.594+0700[0m] {[34moverride.py:[0m1829} INFO[0m - Created Permission View: can read on Audit Logs[0m
[[34m2026-04-07T10:11:01.654+0700[0m] {[34moverride.py:[0m1880} INFO[0m - Added Permission can read on Audit Logs to role Admin[0m
[[34m2026-04-07T10:11:01.744+0700[0m] {[34moverride.py:[0m1829} INFO[0m - Created Permission View: menu access on Audit Logs[0m
[[34m2026-04-07T10:11:01.789+0700[0m] {[34moverride.py:[0m1880} INFO[0m - Added Permission menu access on Audit Logs to role Admin[0m
[[34m2026-04-07T10:11:01.965+0700[0m] {[34moverride.py:[0m1829} INFO[0m - Created Permission View: can create on Variables[0m
[[34m2026-04-07T10:11:02.021+0700[0m] {[34moverride.py:[0m1880} INFO[0m - Added Permission can create on Variables to role Admin[0m
[[34m2026-04-07T10:11:02.071+0700[0m] {[34moverride.py:[0m1829} INFO[0m - Created Permission View: can read on Variables[0m
[[34m2026-04-07T10:11:02.131+0700[0m] {[34moverride.py:[0m1880} INFO[0m - Added Permission can read on Variables to role Admin[0m
[[34m2026-04-07T10:11:02.201+0700[0m] {[34moverride.py:[0m1829} INFO[0m - Created Permission View: can edit on Variables[0m
[[34m2026-04-07T10:11:02.266+0700[0m] {[34moverride.py:[0m1880} INFO[0m - Added Permission can edit on Variables to role Admin[0m
[[34m2026-04-07T10:11:02.337+0700[0m] {[34moverride.py:[0m1829} INFO[0m - Created Permission View: can delete on Variables[0m
[[34m2026-04-07T10:11:02.395+0700[0m] {[34moverride.py:[0m1880} INFO[0m - Added Permission can delete on Variables to role Admin[0m
[[34m2026-04-07T10:11:02.469+0700[0m] {[34moverride.py:[0m1829} INFO[0m - Created Permission View: menu access on Variables[0m
[[34m2026-04-07T10:11:02.518+0700[0m] {[34moverride.py:[0m1880} INFO[0m - Added Permission menu access on Variables to role Admin[0m
[[34m2026-04-07T10:11:02.665+0700[0m] {[34moverride.py:[0m1829} INFO[0m - Created Permission View: menu access on Admin[0m
[[34m2026-04-07T10:11:02.718+0700[0m] {[34moverride.py:[0m1880} INFO[0m - Added Permission menu access on Admin to role Admin[0m
[[34m2026-04-07T10:11:02.883+0700[0m] {[34moverride.py:[0m1829} INFO[0m - Created Permission View: can create on Task Instances[0m
[[34m2026-04-07T10:11:02.957+0700[0m] {[34moverride.py:[0m1880} INFO[0m - Added Permission can create on Task Instances to role Admin[0m
[[34m2026-04-07T10:11:03.066+0700[0m] {[34moverride.py:[0m1829} INFO[0m - Created Permission View: can read on Task Instances[0m
[[34m2026-04-07T10:11:03.137+0700[0m] {[34moverride.py:[0m1880} INFO[0m - Added Permission can read on Task Instances to role Admin[0m
[[34m2026-04-07T10:11:03.211+0700[0m] {[34moverride.py:[0m1829} INFO[0m - Created Permission View: can edit on Task Instances[0m
[[34m2026-04-07T10:11:03.260+0700[0m] {[34moverride.py:[0m1880} INFO[0m - Added Permission can edit on Task Instances to role Admin[0m
[[34m2026-04-07T10:11:03.323+0700[0m] {[34moverride.py:[0m1829} INFO[0m - Created Permission View: can delete on Task Instances[0m
[[34m2026-04-07T10:11:03.367+0700[0m] {[34moverride.py:[0m1880} INFO[0m - Added Permission can delete on Task Instances to role Admin[0m
[[34m2026-04-07T10:11:03.419+0700[0m] {[34moverride.py:[0m1829} INFO[0m - Created Permission View: menu access on Task Instances[0m
[[34m2026-04-07T10:11:03.518+0700[0m] {[34moverride.py:[0m1880} INFO[0m - Added Permission menu access on Task Instances to role Admin[0m
[[34m2026-04-07T10:11:03.876+0700[0m] {[34moverride.py:[0m1829} INFO[0m - Created Permission View: can read on Task Reschedules[0m
[[34m2026-04-07T10:11:03.922+0700[0m] {[34moverride.py:[0m1880} INFO[0m - Added Permission can read on Task Reschedules to role Admin[0m
[[34m2026-04-07T10:11:04.051+0700[0m] {[34moverride.py:[0m1829} INFO[0m - Created Permission View: menu access on Task Reschedules[0m
[[34m2026-04-07T10:11:04.133+0700[0m] {[34moverride.py:[0m1880} INFO[0m - Added Permission menu access on Task Reschedules to role Admin[0m
[[34m2026-04-07T10:11:04.396+0700[0m] {[34moverride.py:[0m1829} INFO[0m - Created Permission View: can read on Triggers[0m
[[34m2026-04-07T10:11:04.475+0700[0m] {[34moverride.py:[0m1880} INFO[0m - Added Permission can read on Triggers to role Admin[0m
[[34m2026-04-07T10:11:04.552+0700[0m] {[34moverride.py:[0m1829} INFO[0m - Created Permission View: menu access on Triggers[0m
[[34m2026-04-07T10:11:04.605+0700[0m] {[34moverride.py:[0m1880} INFO[0m - Added Permission menu access on Triggers to role Admin[0m
[[34m2026-04-07T10:11:04.846+0700[0m] {[34moverride.py:[0m1829} INFO[0m - Created Permission View: can read on Configurations[0m
[[34m2026-04-07T10:11:04.893+0700[0m] {[34moverride.py:[0m1880} INFO[0m - Added Permission can read on Configurations to role Admin[0m
[[34m2026-04-07T10:11:04.956+0700[0m] {[34moverride.py:[0m1829} INFO[0m - Created Permission View: menu access on Configurations[0m
[[34m2026-04-07T10:11:05.005+0700[0m] {[34moverride.py:[0m1880} INFO[0m - Added Permission menu access on Configurations to role Admin[0m
[[34m2026-04-07T10:11:05.192+0700[0m] {[34moverride.py:[0m1829} INFO[0m - Created Permission View: can create on Connections[0m
[[34m2026-04-07T10:11:05.254+0700[0m] {[34moverride.py:[0m1880} INFO[0m - Added Permission can create on Connections to role Admin[0m
[[34m2026-04-07T10:11:05.327+0700[0m] {[34moverride.py:[0m1829} INFO[0m - Created Permission View: can read on Connections[0m
[[34m2026-04-07T10:11:05.375+0700[0m] {[34moverride.py:[0m1880} INFO[0m - Added Permission can read on Connections to role Admin[0m
[[34m2026-04-07T10:11:05.434+0700[0m] {[34moverride.py:[0m1829} INFO[0m - Created Permission View: can edit on Connections[0m
[[34m2026-04-07T10:11:05.477+0700[0m] {[34moverride.py:[0m1880} INFO[0m - Added Permission can edit on Connections to role Admin[0m
[[34m2026-04-07T10:11:05.549+0700[0m] {[34moverride.py:[0m1829} INFO[0m - Created Permission View: can delete on Connections[0m
[[34m2026-04-07T10:11:05.618+0700[0m] {[34moverride.py:[0m1880} INFO[0m - Added Permission can delete on Connections to role Admin[0m
[[34m2026-04-07T10:11:05.698+0700[0m] {[34moverride.py:[0m1829} INFO[0m - Created Permission View: menu access on Connections[0m
[[34m2026-04-07T10:11:05.738+0700[0m] {[34moverride.py:[0m1880} INFO[0m - Added Permission menu access on Connections to role Admin[0m
[[34m2026-04-07T10:11:05.925+0700[0m] {[34moverride.py:[0m1829} INFO[0m - Created Permission View: can read on SLA Misses[0m
[[34m2026-04-07T10:11:05.961+0700[0m] {[34moverride.py:[0m1880} INFO[0m - Added Permission can read on SLA Misses to role Admin[0m
[[34m2026-04-07T10:11:06.057+0700[0m] {[34moverride.py:[0m1829} INFO[0m - Created Permission View: menu access on SLA Misses[0m
[[34m2026-04-07T10:11:06.134+0700[0m] {[34moverride.py:[0m1880} INFO[0m - Added Permission menu access on SLA Misses to role Admin[0m
[[34m2026-04-07T10:11:06.233+0700[0m] {[34moverride.py:[0m1829} INFO[0m - Created Permission View: can delete on SLA Misses[0m
[[34m2026-04-07T10:11:06.279+0700[0m] {[34moverride.py:[0m1880} INFO[0m - Added Permission can delete on SLA Misses to role Admin[0m
[[34m2026-04-07T10:11:06.347+0700[0m] {[34moverride.py:[0m1829} INFO[0m - Created Permission View: can edit on SLA Misses[0m
[[34m2026-04-07T10:11:06.408+0700[0m] {[34moverride.py:[0m1880} INFO[0m - Added Permission can edit on SLA Misses to role Admin[0m
[[34m2026-04-07T10:11:06.624+0700[0m] {[34moverride.py:[0m1829} INFO[0m - Created Permission View: can read on Plugins[0m
[[34m2026-04-07T10:11:06.660+0700[0m] {[34moverride.py:[0m1880} INFO[0m - Added Permission can read on Plugins to role Admin[0m
[[34m2026-04-07T10:11:06.706+0700[0m] {[34moverride.py:[0m1829} INFO[0m - Created Permission View: menu access on Plugins[0m
[[34m2026-04-07T10:11:06.746+0700[0m] {[34moverride.py:[0m1880} INFO[0m - Added Permission menu access on Plugins to role Admin[0m
[[34m2026-04-07T10:11:06.927+0700[0m] {[34moverride.py:[0m1829} INFO[0m - Created Permission View: can read on Providers[0m
[[34m2026-04-07T10:11:06.985+0700[0m] {[34moverride.py:[0m1880} INFO[0m - Added Permission can read on Providers to role Admin[0m
[[34m2026-04-07T10:11:07.086+0700[0m] {[34moverride.py:[0m1829} INFO[0m - Created Permission View: menu access on Providers[0m
[[34m2026-04-07T10:11:07.159+0700[0m] {[34moverride.py:[0m1880} INFO[0m - Added Permission menu access on Providers to role Admin[0m
[[34m2026-04-07T10:11:07.325+0700[0m] {[34moverride.py:[0m1829} INFO[0m - Created Permission View: can create on Pools[0m
[[34m2026-04-07T10:11:07.381+0700[0m] {[34moverride.py:[0m1880} INFO[0m - Added Permission can create on Pools to role Admin[0m
[[34m2026-04-07T10:11:07.444+0700[0m] {[34moverride.py:[0m1829} INFO[0m - Created Permission View: can read on Pools[0m
[[34m2026-04-07T10:11:07.512+0700[0m] {[34moverride.py:[0m1880} INFO[0m - Added Permission can read on Pools to role Admin[0m
[[34m2026-04-07T10:11:07.594+0700[0m] {[34moverride.py:[0m1829} INFO[0m - Created Permission View: can edit on Pools[0m
[[34m2026-04-07T10:11:07.637+0700[0m] {[34moverride.py:[0m1880} INFO[0m - Added Permission can edit on Pools to role Admin[0m
[[34m2026-04-07T10:11:07.712+0700[0m] {[34moverride.py:[0m1829} INFO[0m - Created Permission View: can delete on Pools[0m
[[34m2026-04-07T10:11:07.803+0700[0m] {[34moverride.py:[0m1880} INFO[0m - Added Permission can delete on Pools to role Admin[0m
[[34m2026-04-07T10:11:07.865+0700[0m] {[34moverride.py:[0m1829} INFO[0m - Created Permission View: menu access on Pools[0m
[[34m2026-04-07T10:11:07.905+0700[0m] {[34moverride.py:[0m1880} INFO[0m - Added Permission menu access on Pools to role Admin[0m
[[34m2026-04-07T10:11:08.084+0700[0m] {[34moverride.py:[0m1829} INFO[0m - Created Permission View: can read on XComs[0m
[[34m2026-04-07T10:11:08.198+0700[0m] {[34moverride.py:[0m1880} INFO[0m - Added Permission can read on XComs to role Admin[0m
[[34m2026-04-07T10:11:08.292+0700[0m] {[34moverride.py:[0m1829} INFO[0m - Created Permission View: can delete on XComs[0m
[[34m2026-04-07T10:11:08.328+0700[0m] {[34moverride.py:[0m1880} INFO[0m - Added Permission can delete on XComs to role Admin[0m
[[34m2026-04-07T10:11:08.408+0700[0m] {[34moverride.py:[0m1829} INFO[0m - Created Permission View: menu access on XComs[0m
[[34m2026-04-07T10:11:08.453+0700[0m] {[34moverride.py:[0m1880} INFO[0m - Added Permission menu access on XComs to role Admin[0m
[[34m2026-04-07T10:11:08.625+0700[0m] {[34moverride.py:[0m1829} INFO[0m - Created Permission View: menu access on DAG Dependencies[0m
[[34m2026-04-07T10:11:08.668+0700[0m] {[34moverride.py:[0m1880} INFO[0m - Added Permission menu access on DAG Dependencies to role Admin[0m
[[34m2026-04-07T10:11:08.999+0700[0m] {[34moverride.py:[0m1829} INFO[0m - Created Permission View: menu access on DAGs[0m
[[34m2026-04-07T10:11:09.045+0700[0m] {[34moverride.py:[0m1880} INFO[0m - Added Permission menu access on DAGs to role Admin[0m
[[34m2026-04-07T10:11:09.211+0700[0m] {[34moverride.py:[0m1829} INFO[0m - Created Permission View: menu access on Cluster Activity[0m
[[34m2026-04-07T10:11:09.251+0700[0m] {[34moverride.py:[0m1880} INFO[0m - Added Permission menu access on Cluster Activity to role Admin[0m
[[34m2026-04-07T10:11:09.335+0700[0m] {[34moverride.py:[0m1829} INFO[0m - Created Permission View: menu access on Datasets[0m
[[34m2026-04-07T10:11:09.379+0700[0m] {[34moverride.py:[0m1880} INFO[0m - Added Permission menu access on Datasets to role Admin[0m
[[34m2026-04-07T10:11:09.523+0700[0m] {[34moverride.py:[0m1829} INFO[0m - Created Permission View: menu access on Documentation[0m
[[34m2026-04-07T10:11:09.594+0700[0m] {[34moverride.py:[0m1880} INFO[0m - Added Permission menu access on Documentation to role Admin[0m
[[34m2026-04-07T10:11:09.722+0700[0m] {[34moverride.py:[0m1829} INFO[0m - Created Permission View: menu access on Docs[0m
[[34m2026-04-07T10:11:09.807+0700[0m] {[34moverride.py:[0m1880} INFO[0m - Added Permission menu access on Docs to role Admin[0m
[[34m2026-04-07T10:11:10.502+0700[0m] {[34moverride.py:[0m1829} INFO[0m - Created Permission View: can edit on DAGs[0m
[[34m2026-04-07T10:11:10.608+0700[0m] {[34moverride.py:[0m1829} INFO[0m - Created Permission View: can delete on DAGs[0m
[[34m2026-04-07T10:11:10.675+0700[0m] {[34moverride.py:[0m1829} INFO[0m - Created Permission View: can read on DAGs[0m
[[34m2026-04-07T10:11:10.760+0700[0m] {[34moverride.py:[0m1427} INFO[0m - Inserted Role: Viewer[0m
[[34m2026-04-07T10:11:10.870+0700[0m] {[34moverride.py:[0m1880} INFO[0m - Added Permission can read on DAGs to role Viewer[0m
[[34m2026-04-07T10:11:10.951+0700[0m] {[34moverride.py:[0m1829} INFO[0m - Created Permission View: can read on DAG Dependencies[0m
[[34m2026-04-07T10:11:10.995+0700[0m] {[34moverride.py:[0m1880} INFO[0m - Added Permission can read on DAG Dependencies to role Viewer[0m
[[34m2026-04-07T10:11:11.109+0700[0m] {[34moverride.py:[0m1829} INFO[0m - Created Permission View: can read on DAG Code[0m
[[34m2026-04-07T10:11:11.161+0700[0m] {[34moverride.py:[0m1880} INFO[0m - Added Permission can read on DAG Code to role Viewer[0m
[[34m2026-04-07T10:11:11.195+0700[0m] {[34moverride.py:[0m1880} INFO[0m - Added Permission can read on DAG Runs to role Viewer[0m
[[34m2026-04-07T10:11:11.255+0700[0m] {[34moverride.py:[0m1829} INFO[0m - Created Permission View: can read on Datasets[0m
[[34m2026-04-07T10:11:11.312+0700[0m] {[34moverride.py:[0m1880} INFO[0m - Added Permission can read on Datasets to role Viewer[0m
[[34m2026-04-07T10:11:11.382+0700[0m] {[34moverride.py:[0m1829} INFO[0m - Created Permission View: can read on Cluster Activity[0m
[[34m2026-04-07T10:11:11.434+0700[0m] {[34moverride.py:[0m1880} INFO[0m - Added Permission can read on Cluster Activity to role Viewer[0m
[[34m2026-04-07T10:11:11.479+0700[0m] {[34moverride.py:[0m1880} INFO[0m - Added Permission can read on Pools to role Viewer[0m
[[34m2026-04-07T10:11:11.577+0700[0m] {[34moverride.py:[0m1829} INFO[0m - Created Permission View: can read on ImportError[0m
[[34m2026-04-07T10:11:11.618+0700[0m] {[34moverride.py:[0m1880} INFO[0m - Added Permission can read on ImportError to role Viewer[0m
[[34m2026-04-07T10:11:11.700+0700[0m] {[34moverride.py:[0m1829} INFO[0m - Created Permission View: can read on DAG Warnings[0m
[[34m2026-04-07T10:11:11.794+0700[0m] {[34moverride.py:[0m1880} INFO[0m - Added Permission can read on DAG Warnings to role Viewer[0m
[[34m2026-04-07T10:11:11.868+0700[0m] {[34moverride.py:[0m1880} INFO[0m - Added Permission can read on Jobs to role Viewer[0m
[[34m2026-04-07T10:11:11.923+0700[0m] {[34moverride.py:[0m1880} INFO[0m - Added Permission can read on My Password to role Viewer[0m
[[34m2026-04-07T10:11:12.004+0700[0m] {[34moverride.py:[0m1880} INFO[0m - Added Permission can edit on My Password to role Viewer[0m
[[34m2026-04-07T10:11:12.061+0700[0m] {[34moverride.py:[0m1880} INFO[0m - Added Permission can read on My Profile to role Viewer[0m
[[34m2026-04-07T10:11:12.131+0700[0m] {[34moverride.py:[0m1880} INFO[0m - Added Permission can edit on My Profile to role Viewer[0m
[[34m2026-04-07T10:11:12.182+0700[0m] {[34moverride.py:[0m1880} INFO[0m - Added Permission can read on Plugins to role Viewer[0m
[[34m2026-04-07T10:11:12.287+0700[0m] {[34moverride.py:[0m1880} INFO[0m - Added Permission can read on SLA Misses to role Viewer[0m
[[34m2026-04-07T10:11:12.347+0700[0m] {[34moverride.py:[0m1880} INFO[0m - Added Permission can read on Task Instances to role Viewer[0m
[[34m2026-04-07T10:11:12.458+0700[0m] {[34moverride.py:[0m1829} INFO[0m - Created Permission View: can read on Task Logs[0m
[[34m2026-04-07T10:11:12.506+0700[0m] {[34moverride.py:[0m1880} INFO[0m - Added Permission can read on Task Logs to role Viewer[0m
[[34m2026-04-07T10:11:12.542+0700[0m] {[34moverride.py:[0m1880} INFO[0m - Added Permission can read on XComs to role Viewer[0m
[[34m2026-04-07T10:11:12.685+0700[0m] {[34moverride.py:[0m1829} INFO[0m - Created Permission View: can read on Website[0m
[[34m2026-04-07T10:11:12.743+0700[0m] {[34moverride.py:[0m1880} INFO[0m - Added Permission can read on Website to role Viewer[0m
[[34m2026-04-07T10:11:12.802+0700[0m] {[34moverride.py:[0m1880} INFO[0m - Added Permission menu access on Browse to role Viewer[0m
[[34m2026-04-07T10:11:12.860+0700[0m] {[34moverride.py:[0m1880} INFO[0m - Added Permission menu access on DAGs to role Viewer[0m
[[34m2026-04-07T10:11:12.914+0700[0m] {[34moverride.py:[0m1880} INFO[0m - Added Permission menu access on DAG Dependencies to role Viewer[0m
[[34m2026-04-07T10:11:12.968+0700[0m] {[34moverride.py:[0m1880} INFO[0m - Added Permission menu access on DAG Runs to role Viewer[0m
[[34m2026-04-07T10:11:13.030+0700[0m] {[34moverride.py:[0m1880} INFO[0m - Added Permission menu access on Datasets to role Viewer[0m
[[34m2026-04-07T10:11:13.085+0700[0m] {[34moverride.py:[0m1880} INFO[0m - Added Permission menu access on Cluster Activity to role Viewer[0m
[[34m2026-04-07T10:11:13.136+0700[0m] {[34moverride.py:[0m1880} INFO[0m - Added Permission menu access on Documentation to role Viewer[0m
[[34m2026-04-07T10:11:13.185+0700[0m] {[34moverride.py:[0m1880} INFO[0m - Added Permission menu access on Docs to role Viewer[0m
[[34m2026-04-07T10:11:13.235+0700[0m] {[34moverride.py:[0m1880} INFO[0m - Added Permission menu access on Jobs to role Viewer[0m
[[34m2026-04-07T10:11:13.275+0700[0m] {[34moverride.py:[0m1880} INFO[0m - Added Permission menu access on Plugins to role Viewer[0m
[[34m2026-04-07T10:11:13.328+0700[0m] {[34moverride.py:[0m1880} INFO[0m - Added Permission menu access on SLA Misses to role Viewer[0m
[[34m2026-04-07T10:11:13.387+0700[0m] {[34moverride.py:[0m1880} INFO[0m - Added Permission menu access on Task Instances to role Viewer[0m
[[34m2026-04-07T10:11:13.442+0700[0m] {[34moverride.py:[0m1427} INFO[0m - Inserted Role: User[0m
[[34m2026-04-07T10:11:13.497+0700[0m] {[34moverride.py:[0m1880} INFO[0m - Added Permission can read on DAGs to role User[0m
[[34m2026-04-07T10:11:13.570+0700[0m] {[34moverride.py:[0m1880} INFO[0m - Added Permission can read on DAG Dependencies to role User[0m
[[34m2026-04-07T10:11:13.633+0700[0m] {[34moverride.py:[0m1880} INFO[0m - Added Permission can read on DAG Code to role User[0m
[[34m2026-04-07T10:11:13.687+0700[0m] {[34moverride.py:[0m1880} INFO[0m - Added Permission can read on DAG Runs to role User[0m
[[34m2026-04-07T10:11:13.771+0700[0m] {[34moverride.py:[0m1880} INFO[0m - Added Permission can read on Datasets to role User[0m
[[34m2026-04-07T10:11:13.836+0700[0m] {[34moverride.py:[0m1880} INFO[0m - Added Permission can read on Cluster Activity to role User[0m
[[34m2026-04-07T10:11:13.886+0700[0m] {[34moverride.py:[0m1880} INFO[0m - Added Permission can read on Pools to role User[0m
[[34m2026-04-07T10:11:13.945+0700[0m] {[34moverride.py:[0m1880} INFO[0m - Added Permission can read on ImportError to role User[0m
[[34m2026-04-07T10:11:14.004+0700[0m] {[34moverride.py:[0m1880} INFO[0m - Added Permission can read on DAG Warnings to role User[0m
[[34m2026-04-07T10:11:14.063+0700[0m] {[34moverride.py:[0m1880} INFO[0m - Added Permission can read on Jobs to role User[0m
[[34m2026-04-07T10:11:14.139+0700[0m] {[34moverride.py:[0m1880} INFO[0m - Added Permission can read on My Password to role User[0m
[[34m2026-04-07T10:11:14.179+0700[0m] {[34moverride.py:[0m1880} INFO[0m - Added Permission can edit on My Password to role User[0m
[[34m2026-04-07T10:11:14.258+0700[0m] {[34moverride.py:[0m1880} INFO[0m - Added Permission can read on My Profile to role User[0m
[[34m2026-04-07T10:11:14.301+0700[0m] {[34moverride.py:[0m1880} INFO[0m - Added Permission can edit on My Profile to role User[0m
[[34m2026-04-07T10:11:14.374+0700[0m] {[34moverride.py:[0m1880} INFO[0m - Added Permission can read on Plugins to role User[0m
[[34m2026-04-07T10:11:14.425+0700[0m] {[34moverride.py:[0m1880} INFO[0m - Added Permission can read on SLA Misses to role User[0m
[[34m2026-04-07T10:11:14.482+0700[0m] {[34moverride.py:[0m1880} INFO[0m - Added Permission can read on Task Instances to role User[0m
[[34m2026-04-07T10:11:14.585+0700[0m] {[34moverride.py:[0m1880} INFO[0m - Added Permission can read on Task Logs to role User[0m
[[34m2026-04-07T10:11:14.642+0700[0m] {[34moverride.py:[0m1880} INFO[0m - Added Permission can read on XComs to role User[0m
[[34m2026-04-07T10:11:14.708+0700[0m] {[34moverride.py:[0m1880} INFO[0m - Added Permission can read on Website to role User[0m
[[34m2026-04-07T10:11:14.750+0700[0m] {[34moverride.py:[0m1880} INFO[0m - Added Permission menu access on Browse to role User[0m
[[34m2026-04-07T10:11:14.801+0700[0m] {[34moverride.py:[0m1880} INFO[0m - Added Permission menu access on DAGs to role User[0m
[[34m2026-04-07T10:11:14.854+0700[0m] {[34moverride.py:[0m1880} INFO[0m - Added Permission menu access on DAG Dependencies to role User[0m
[[34m2026-04-07T10:11:14.901+0700[0m] {[34moverride.py:[0m1880} INFO[0m - Added Permission menu access on DAG Runs to role User[0m
[[34m2026-04-07T10:11:14.946+0700[0m] {[34moverride.py:[0m1880} INFO[0m - Added Permission menu access on Datasets to role User[0m
[[34m2026-04-07T10:11:14.996+0700[0m] {[34moverride.py:[0m1880} INFO[0m - Added Permission menu access on Cluster Activity to role User[0m
[[34m2026-04-07T10:11:15.049+0700[0m] {[34moverride.py:[0m1880} INFO[0m - Added Permission menu access on Documentation to role User[0m
[[34m2026-04-07T10:11:15.105+0700[0m] {[34moverride.py:[0m1880} INFO[0m - Added Permission menu access on Docs to role User[0m
[[34m2026-04-07T10:11:15.164+0700[0m] {[34moverride.py:[0m1880} INFO[0m - Added Permission menu access on Jobs to role User[0m
[[34m2026-04-07T10:11:15.231+0700[0m] {[34moverride.py:[0m1880} INFO[0m - Added Permission menu access on Plugins to role User[0m
[[34m2026-04-07T10:11:15.284+0700[0m] {[34moverride.py:[0m1880} INFO[0m - Added Permission menu access on SLA Misses to role User[0m
[[34m2026-04-07T10:11:15.344+0700[0m] {[34moverride.py:[0m1880} INFO[0m - Added Permission menu access on Task Instances to role User[0m
[[34m2026-04-07T10:11:15.413+0700[0m] {[34moverride.py:[0m1880} INFO[0m - Added Permission can edit on DAGs to role User[0m
[[34m2026-04-07T10:11:15.473+0700[0m] {[34moverride.py:[0m1880} INFO[0m - Added Permission can delete on DAGs to role User[0m
[[34m2026-04-07T10:11:15.507+0700[0m] {[34moverride.py:[0m1880} INFO[0m - Added Permission can create on Task Instances to role User[0m
[[34m2026-04-07T10:11:15.535+0700[0m] {[34moverride.py:[0m1880} INFO[0m - Added Permission can edit on Task Instances to role User[0m
[[34m2026-04-07T10:11:15.571+0700[0m] {[34moverride.py:[0m1880} INFO[0m - Added Permission can delete on Task Instances to role User[0m
[[34m2026-04-07T10:11:15.617+0700[0m] {[34moverride.py:[0m1880} INFO[0m - Added Permission can create on DAG Runs to role User[0m
[[34m2026-04-07T10:11:15.662+0700[0m] {[34moverride.py:[0m1880} INFO[0m - Added Permission can edit on DAG Runs to role User[0m
[[34m2026-04-07T10:11:15.703+0700[0m] {[34moverride.py:[0m1880} INFO[0m - Added Permission can delete on DAG Runs to role User[0m
[[34m2026-04-07T10:11:15.754+0700[0m] {[34moverride.py:[0m1829} INFO[0m - Created Permission View: can create on Datasets[0m
[[34m2026-04-07T10:11:15.813+0700[0m] {[34moverride.py:[0m1880} INFO[0m - Added Permission can create on Datasets to role User[0m
[[34m2026-04-07T10:11:15.856+0700[0m] {[34moverride.py:[0m1427} INFO[0m - Inserted Role: Op[0m
[[34m2026-04-07T10:11:15.906+0700[0m] {[34moverride.py:[0m1880} INFO[0m - Added Permission can read on DAGs to role Op[0m
[[34m2026-04-07T10:11:15.977+0700[0m] {[34moverride.py:[0m1880} INFO[0m - Added Permission can read on DAG Dependencies to role Op[0m
[[34m2026-04-07T10:11:16.056+0700[0m] {[34moverride.py:[0m1880} INFO[0m - Added Permission can read on DAG Code to role Op[0m
[[34m2026-04-07T10:11:16.092+0700[0m] {[34moverride.py:[0m1880} INFO[0m - Added Permission can read on DAG Runs to role Op[0m
[[34m2026-04-07T10:11:16.129+0700[0m] {[34moverride.py:[0m1880} INFO[0m - Added Permission can read on Datasets to role Op[0m
[[34m2026-04-07T10:11:16.173+0700[0m] {[34moverride.py:[0m1880} INFO[0m - Added Permission can read on Cluster Activity to role Op[0m
[[34m2026-04-07T10:11:16.204+0700[0m] {[34moverride.py:[0m1880} INFO[0m - Added Permission can read on Pools to role Op[0m
[[34m2026-04-07T10:11:16.295+0700[0m] {[34moverride.py:[0m1880} INFO[0m - Added Permission can read on ImportError to role Op[0m
[[34m2026-04-07T10:11:16.391+0700[0m] {[34moverride.py:[0m1880} INFO[0m - Added Permission can read on DAG Warnings to role Op[0m
[[34m2026-04-07T10:11:16.449+0700[0m] {[34moverride.py:[0m1880} INFO[0m - Added Permission can read on Jobs to role Op[0m
[[34m2026-04-07T10:11:16.526+0700[0m] {[34moverride.py:[0m1880} INFO[0m - Added Permission can read on My Password to role Op[0m
[[34m2026-04-07T10:11:16.572+0700[0m] {[34moverride.py:[0m1880} INFO[0m - Added Permission can edit on My Password to role Op[0m
[[34m2026-04-07T10:11:16.636+0700[0m] {[34moverride.py:[0m1880} INFO[0m - Added Permission can read on My Profile to role Op[0m
[[34m2026-04-07T10:11:16.690+0700[0m] {[34moverride.py:[0m1880} INFO[0m - Added Permission can edit on My Profile to role Op[0m
[[34m2026-04-07T10:11:16.808+0700[0m] {[34moverride.py:[0m1880} INFO[0m - Added Permission can read on Plugins to role Op[0m
[[34m2026-04-07T10:11:16.878+0700[0m] {[34moverride.py:[0m1880} INFO[0m - Added Permission can read on SLA Misses to role Op[0m
[[34m2026-04-07T10:11:16.934+0700[0m] {[34moverride.py:[0m1880} INFO[0m - Added Permission can read on Task Instances to role Op[0m
[[34m2026-04-07T10:11:17.016+0700[0m] {[34moverride.py:[0m1880} INFO[0m - Added Permission can read on Task Logs to role Op[0m
[[34m2026-04-07T10:11:17.054+0700[0m] {[34moverride.py:[0m1880} INFO[0m - Added Permission can read on XComs to role Op[0m
[[34m2026-04-07T10:11:17.115+0700[0m] {[34moverride.py:[0m1880} INFO[0m - Added Permission can read on Website to role Op[0m
[[34m2026-04-07T10:11:17.162+0700[0m] {[34moverride.py:[0m1880} INFO[0m - Added Permission menu access on Browse to role Op[0m
[[34m2026-04-07T10:11:17.209+0700[0m] {[34moverride.py:[0m1880} INFO[0m - Added Permission menu access on DAGs to role Op[0m
[[34m2026-04-07T10:11:17.272+0700[0m] {[34moverride.py:[0m1880} INFO[0m - Added Permission menu access on DAG Dependencies to role Op[0m
[[34m2026-04-07T10:11:17.324+0700[0m] {[34moverride.py:[0m1880} INFO[0m - Added Permission menu access on DAG Runs to role Op[0m
[[34m2026-04-07T10:11:17.384+0700[0m] {[34moverride.py:[0m1880} INFO[0m - Added Permission menu access on Datasets to role Op[0m
[[34m2026-04-07T10:11:17.430+0700[0m] {[34moverride.py:[0m1880} INFO[0m - Added Permission menu access on Cluster Activity to role Op[0m
[[34m2026-04-07T10:11:17.487+0700[0m] {[34moverride.py:[0m1880} INFO[0m - Added Permission menu access on Documentation to role Op[0m
[[34m2026-04-07T10:11:17.546+0700[0m] {[34moverride.py:[0m1880} INFO[0m - Added Permission menu access on Docs to role Op[0m
[[34m2026-04-07T10:11:17.592+0700[0m] {[34moverride.py:[0m1880} INFO[0m - Added Permission menu access on Jobs to role Op[0m
[[34m2026-04-07T10:11:17.641+0700[0m] {[34moverride.py:[0m1880} INFO[0m - Added Permission menu access on Plugins to role Op[0m
[[34m2026-04-07T10:11:17.683+0700[0m] {[34moverride.py:[0m1880} INFO[0m - Added Permission menu access on SLA Misses to role Op[0m
[[34m2026-04-07T10:11:17.718+0700[0m] {[34moverride.py:[0m1880} INFO[0m - Added Permission menu access on Task Instances to role Op[0m
[[34m2026-04-07T10:11:17.756+0700[0m] {[34moverride.py:[0m1880} INFO[0m - Added Permission can edit on DAGs to role Op[0m
[[34m2026-04-07T10:11:17.801+0700[0m] {[34moverride.py:[0m1880} INFO[0m - Added Permission can delete on DAGs to role Op[0m
[[34m2026-04-07T10:11:17.856+0700[0m] {[34moverride.py:[0m1880} INFO[0m - Added Permission can create on Task Instances to role Op[0m
[[34m2026-04-07T10:11:17.911+0700[0m] {[34moverride.py:[0m1880} INFO[0m - Added Permission can edit on Task Instances to role Op[0m
[[34m2026-04-07T10:11:17.957+0700[0m] {[34moverride.py:[0m1880} INFO[0m - Added Permission can delete on Task Instances to role Op[0m
[[34m2026-04-07T10:11:18.006+0700[0m] {[34moverride.py:[0m1880} INFO[0m - Added Permission can create on DAG Runs to role Op[0m
[[34m2026-04-07T10:11:18.054+0700[0m] {[34moverride.py:[0m1880} INFO[0m - Added Permission can edit on DAG Runs to role Op[0m
[[34m2026-04-07T10:11:18.107+0700[0m] {[34moverride.py:[0m1880} INFO[0m - Added Permission can delete on DAG Runs to role Op[0m
[[34m2026-04-07T10:11:18.189+0700[0m] {[34moverride.py:[0m1880} INFO[0m - Added Permission can create on Datasets to role Op[0m
[[34m2026-04-07T10:11:18.223+0700[0m] {[34moverride.py:[0m1880} INFO[0m - Added Permission can read on Configurations to role Op[0m
[[34m2026-04-07T10:11:18.266+0700[0m] {[34moverride.py:[0m1880} INFO[0m - Added Permission menu access on Admin to role Op[0m
[[34m2026-04-07T10:11:18.319+0700[0m] {[34moverride.py:[0m1880} INFO[0m - Added Permission menu access on Configurations to role Op[0m
[[34m2026-04-07T10:11:18.369+0700[0m] {[34moverride.py:[0m1880} INFO[0m - Added Permission menu access on Connections to role Op[0m
[[34m2026-04-07T10:11:18.465+0700[0m] {[34moverride.py:[0m1880} INFO[0m - Added Permission menu access on Pools to role Op[0m
[[34m2026-04-07T10:11:18.524+0700[0m] {[34moverride.py:[0m1880} INFO[0m - Added Permission menu access on Variables to role Op[0m
[[34m2026-04-07T10:11:18.559+0700[0m] {[34moverride.py:[0m1880} INFO[0m - Added Permission menu access on Providers to role Op[0m
[[34m2026-04-07T10:11:18.638+0700[0m] {[34moverride.py:[0m1880} INFO[0m - Added Permission menu access on XComs to role Op[0m
[[34m2026-04-07T10:11:18.685+0700[0m] {[34moverride.py:[0m1880} INFO[0m - Added Permission can create on Connections to role Op[0m
[[34m2026-04-07T10:11:18.733+0700[0m] {[34moverride.py:[0m1880} INFO[0m - Added Permission can read on Connections to role Op[0m
[[34m2026-04-07T10:11:18.792+0700[0m] {[34moverride.py:[0m1880} INFO[0m - Added Permission can edit on Connections to role Op[0m
[[34m2026-04-07T10:11:18.838+0700[0m] {[34moverride.py:[0m1880} INFO[0m - Added Permission can delete on Connections to role Op[0m
[[34m2026-04-07T10:11:18.873+0700[0m] {[34moverride.py:[0m1880} INFO[0m - Added Permission can create on Pools to role Op[0m
[[34m2026-04-07T10:11:18.925+0700[0m] {[34moverride.py:[0m1880} INFO[0m - Added Permission can edit on Pools to role Op[0m
[[34m2026-04-07T10:11:18.980+0700[0m] {[34moverride.py:[0m1880} INFO[0m - Added Permission can delete on Pools to role Op[0m
[[34m2026-04-07T10:11:19.032+0700[0m] {[34moverride.py:[0m1880} INFO[0m - Added Permission can read on Providers to role Op[0m
[[34m2026-04-07T10:11:19.095+0700[0m] {[34moverride.py:[0m1880} INFO[0m - Added Permission can create on Variables to role Op[0m
[[34m2026-04-07T10:11:19.135+0700[0m] {[34moverride.py:[0m1880} INFO[0m - Added Permission can read on Variables to role Op[0m
[[34m2026-04-07T10:11:19.175+0700[0m] {[34moverride.py:[0m1880} INFO[0m - Added Permission can edit on Variables to role Op[0m
[[34m2026-04-07T10:11:19.222+0700[0m] {[34moverride.py:[0m1880} INFO[0m - Added Permission can delete on Variables to role Op[0m
[[34m2026-04-07T10:11:19.263+0700[0m] {[34moverride.py:[0m1880} INFO[0m - Added Permission can delete on XComs to role Op[0m
[[34m2026-04-07T10:11:19.329+0700[0m] {[34moverride.py:[0m1829} INFO[0m - Created Permission View: can delete on Datasets[0m
[[34m2026-04-07T10:11:19.383+0700[0m] {[34moverride.py:[0m1880} INFO[0m - Added Permission can delete on Datasets to role Op[0m
[[34m2026-04-07T10:11:19.454+0700[0m] {[34moverride.py:[0m1880} INFO[0m - Added Permission can read on DAGs to role Admin[0m
[[34m2026-04-07T10:11:19.507+0700[0m] {[34moverride.py:[0m1880} INFO[0m - Added Permission can read on DAG Dependencies to role Admin[0m
[[34m2026-04-07T10:11:19.550+0700[0m] {[34moverride.py:[0m1880} INFO[0m - Added Permission can read on DAG Code to role Admin[0m
[[34m2026-04-07T10:11:19.594+0700[0m] {[34moverride.py:[0m1880} INFO[0m - Added Permission can read on Datasets to role Admin[0m
[[34m2026-04-07T10:11:19.659+0700[0m] {[34moverride.py:[0m1880} INFO[0m - Added Permission can read on Cluster Activity to role Admin[0m
[[34m2026-04-07T10:11:19.734+0700[0m] {[34moverride.py:[0m1880} INFO[0m - Added Permission can read on ImportError to role Admin[0m
[[34m2026-04-07T10:11:19.795+0700[0m] {[34moverride.py:[0m1880} INFO[0m - Added Permission can read on DAG Warnings to role Admin[0m
[[34m2026-04-07T10:11:19.828+0700[0m] {[34moverride.py:[0m1880} INFO[0m - Added Permission can read on Task Logs to role Admin[0m
[[34m2026-04-07T10:11:19.896+0700[0m] {[34moverride.py:[0m1880} INFO[0m - Added Permission can read on Website to role Admin[0m
[[34m2026-04-07T10:11:19.926+0700[0m] {[34moverride.py:[0m1880} INFO[0m - Added Permission can edit on DAGs to role Admin[0m
[[34m2026-04-07T10:11:19.963+0700[0m] {[34moverride.py:[0m1880} INFO[0m - Added Permission can delete on DAGs to role Admin[0m
[[34m2026-04-07T10:11:20.037+0700[0m] {[34moverride.py:[0m1880} INFO[0m - Added Permission can create on Datasets to role Admin[0m
[[34m2026-04-07T10:11:20.113+0700[0m] {[34moverride.py:[0m1880} INFO[0m - Added Permission can delete on Datasets to role Admin[0m
[2026-04-07 10:11:20 +0700] [4327] [INFO] Starting gunicorn 22.0.0
[2026-04-07 10:11:20 +0700] [4327] [INFO] Listening at: http://0.0.0.0:8081 (4327)
[2026-04-07 10:11:20 +0700] [4327] [INFO] Using worker: sync
[2026-04-07 10:11:20 +0700] [4412] [INFO] Booting worker with pid: 4412
[2026-04-07 10:11:20 +0700] [4413] [INFO] Booting worker with pid: 4413
[2026-04-07 10:11:20 +0700] [4414] [INFO] Booting worker with pid: 4414
[2026-04-07 10:11:20 +0700] [4415] [INFO] Booting worker with pid: 4415
127.0.0.1 - - [07/Apr/2026:10:12:59 +0700] "GET / HTTP/1.1" 302 197 "-" "Mozilla/5.0 (Windows NT 10.0; Win64; x64) AppleWebKit/537.36 (KHTML, like Gecko) Chrome/146.0.0.0 Safari/537.36"
127.0.0.1 - - [07/Apr/2026:10:13:00 +0700] "GET /home HTTP/1.1" 302 285 "-" "Mozilla/5.0 (Windows NT 10.0; Win64; x64) AppleWebKit/537.36 (KHTML, like Gecko) Chrome/146.0.0.0 Safari/537.36"
127.0.0.1 - - [07/Apr/2026:10:13:00 +0700] "GET /login/?next=http%3A%2F%2Flocalhost%3A8081%2Fhome HTTP/1.1" 200 18079 "-" "Mozilla/5.0 (Windows NT 10.0; Win64; x64) AppleWebKit/537.36 (KHTML, like Gecko) Chrome/146.0.0.0 Safari/537.36"
127.0.0.1 - - [07/Apr/2026:10:13:00 +0700] "GET /static/appbuilder/css/bootstrap.min.css HTTP/1.1" 200 0 "http://localhost:8081/login/?next=http%3A%2F%2Flocalhost%3A8081%2Fhome" "Mozilla/5.0 (Windows NT 10.0; Win64; x64) AppleWebKit/537.36 (KHTML, like Gecko) Chrome/146.0.0.0 Safari/537.36"
127.0.0.1 - - [07/Apr/2026:10:13:01 +0700] "GET /static/appbuilder/css/fontawesome/solid.min.css HTTP/1.1" 200 0 "http://localhost:8081/login/?next=http%3A%2F%2Flocalhost%3A8081%2Fhome" "Mozilla/5.0 (Windows NT 10.0; Win64; x64) AppleWebKit/537.36 (KHTML, like Gecko) Chrome/146.0.0.0 Safari/537.36"
127.0.0.1 - - [07/Apr/2026:10:13:01 +0700] "GET /static/appbuilder/css/fontawesome/fontawesome.min.css HTTP/1.1" 200 0 "http://localhost:8081/login/?next=http%3A%2F%2Flocalhost%3A8081%2Fhome" "Mozilla/5.0 (Windows NT 10.0; Win64; x64) AppleWebKit/537.36 (KHTML, like Gecko) Chrome/146.0.0.0 Safari/537.36"
127.0.0.1 - - [07/Apr/2026:10:13:01 +0700] "GET /static/appbuilder/css/fontawesome/regular.min.css HTTP/1.1" 200 0 "http://localhost:8081/login/?next=http%3A%2F%2Flocalhost%3A8081%2Fhome" "Mozilla/5.0 (Windows NT 10.0; Win64; x64) AppleWebKit/537.36 (KHTML, like Gecko) Chrome/146.0.0.0 Safari/537.36"
127.0.0.1 - - [07/Apr/2026:10:13:01 +0700] "GET /static/appbuilder/css/fontawesome/brands.min.css HTTP/1.1" 200 0 "http://localhost:8081/login/?next=http%3A%2F%2Flocalhost%3A8081%2Fhome" "Mozilla/5.0 (Windows NT 10.0; Win64; x64) AppleWebKit/537.36 (KHTML, like Gecko) Chrome/146.0.0.0 Safari/537.36"
127.0.0.1 - - [07/Apr/2026:10:13:01 +0700] "GET /static/appbuilder/css/fontawesome/v4-shims.min.css HTTP/1.1" 200 0 "http://localhost:8081/login/?next=http%3A%2F%2Flocalhost%3A8081%2Fhome" "Mozilla/5.0 (Windows NT 10.0; Win64; x64) AppleWebKit/537.36 (KHTML, like Gecko) Chrome/146.0.0.0 Safari/537.36"
127.0.0.1 - - [07/Apr/2026:10:13:01 +0700] "GET /static/appbuilder/css/bootstrap-datepicker/bootstrap-datepicker3.min.css HTTP/1.1" 200 0 "http://localhost:8081/login/?next=http%3A%2F%2Flocalhost%3A8081%2Fhome" "Mozilla/5.0 (Windows NT 10.0; Win64; x64) AppleWebKit/537.36 (KHTML, like Gecko) Chrome/146.0.0.0 Safari/537.36"
127.0.0.1 - - [07/Apr/2026:10:13:01 +0700] "GET /static/appbuilder/css/select2/select2.min.css HTTP/1.1" 200 0 "http://localhost:8081/login/?next=http%3A%2F%2Flocalhost%3A8081%2Fhome" "Mozilla/5.0 (Windows NT 10.0; Win64; x64) AppleWebKit/537.36 (KHTML, like Gecko) Chrome/146.0.0.0 Safari/537.36"
127.0.0.1 - - [07/Apr/2026:10:13:01 +0700] "GET /static/appbuilder/css/select2/select2-bootstrap.min.css HTTP/1.1" 200 0 "http://localhost:8081/login/?next=http%3A%2F%2Flocalhost%3A8081%2Fhome" "Mozilla/5.0 (Windows NT 10.0; Win64; x64) AppleWebKit/537.36 (KHTML, like Gecko) Chrome/146.0.0.0 Safari/537.36"
127.0.0.1 - - [07/Apr/2026:10:13:01 +0700] "GET /static/appbuilder/css/flags/flags16.css HTTP/1.1" 200 0 "http://localhost:8081/login/?next=http%3A%2F%2Flocalhost%3A8081%2Fhome" "Mozilla/5.0 (Windows NT 10.0; Win64; x64) AppleWebKit/537.36 (KHTML, like Gecko) Chrome/146.0.0.0 Safari/537.36"
127.0.0.1 - - [07/Apr/2026:10:13:01 +0700] "GET /static/dist/airflowDefaultTheme.c93fb34380b84747e945.css HTTP/1.1" 200 0 "http://localhost:8081/login/?next=http%3A%2F%2Flocalhost%3A8081%2Fhome" "Mozilla/5.0 (Windows NT 10.0; Win64; x64) AppleWebKit/537.36 (KHTML, like Gecko) Chrome/146.0.0.0 Safari/537.36"
127.0.0.1 - - [07/Apr/2026:10:13:01 +0700] "GET /static/appbuilder/css/ab.css HTTP/1.1" 200 0 "http://localhost:8081/login/?next=http%3A%2F%2Flocalhost%3A8081%2Fhome" "Mozilla/5.0 (Windows NT 10.0; Win64; x64) AppleWebKit/537.36 (KHTML, like Gecko) Chrome/146.0.0.0 Safari/537.36"
127.0.0.1 - - [07/Apr/2026:10:13:01 +0700] "GET /static/dist/materialIcons.ce0f77d10d4dc51f5f07.css HTTP/1.1" 200 0 "http://localhost:8081/login/?next=http%3A%2F%2Flocalhost%3A8081%2Fhome" "Mozilla/5.0 (Windows NT 10.0; Win64; x64) AppleWebKit/537.36 (KHTML, like Gecko) Chrome/146.0.0.0 Safari/537.36"
127.0.0.1 - - [07/Apr/2026:10:13:01 +0700] "GET /static/dist/main.6f9728400381098372e3.css HTTP/1.1" 200 0 "http://localhost:8081/login/?next=http%3A%2F%2Flocalhost%3A8081%2Fhome" "Mozilla/5.0 (Windows NT 10.0; Win64; x64) AppleWebKit/537.36 (KHTML, like Gecko) Chrome/146.0.0.0 Safari/537.36"
127.0.0.1 - - [07/Apr/2026:10:13:01 +0700] "GET /static/dist/loadingDots.84963375c34df3f17aab.css HTTP/1.1" 200 0 "http://localhost:8081/login/?next=http%3A%2F%2Flocalhost%3A8081%2Fhome" "Mozilla/5.0 (Windows NT 10.0; Win64; x64) AppleWebKit/537.36 (KHTML, like Gecko) Chrome/146.0.0.0 Safari/537.36"
127.0.0.1 - - [07/Apr/2026:10:13:02 +0700] "GET /static/dist/bootstrap-datetimepicker.min.css HTTP/1.1" 200 0 "http://localhost:8081/login/?next=http%3A%2F%2Flocalhost%3A8081%2Fhome" "Mozilla/5.0 (Windows NT 10.0; Win64; x64) AppleWebKit/537.36 (KHTML, like Gecko) Chrome/146.0.0.0 Safari/537.36"
127.0.0.1 - - [07/Apr/2026:10:13:02 +0700] "GET /static/dist/flash.39f43f5a4fffad4cd720.css HTTP/1.1" 200 0 "http://localhost:8081/login/?next=http%3A%2F%2Flocalhost%3A8081%2Fhome" "Mozilla/5.0 (Windows NT 10.0; Win64; x64) AppleWebKit/537.36 (KHTML, like Gecko) Chrome/146.0.0.0 Safari/537.36"
127.0.0.1 - - [07/Apr/2026:10:13:02 +0700] "GET /static/appbuilder/js/jquery-latest.js HTTP/1.1" 200 0 "http://localhost:8081/login/?next=http%3A%2F%2Flocalhost%3A8081%2Fhome" "Mozilla/5.0 (Windows NT 10.0; Win64; x64) AppleWebKit/537.36 (KHTML, like Gecko) Chrome/146.0.0.0 Safari/537.36"
127.0.0.1 - - [07/Apr/2026:10:13:02 +0700] "GET /static/appbuilder/js/ab_filters.js HTTP/1.1" 200 0 "http://localhost:8081/login/?next=http%3A%2F%2Flocalhost%3A8081%2Fhome" "Mozilla/5.0 (Windows NT 10.0; Win64; x64) AppleWebKit/537.36 (KHTML, like Gecko) Chrome/146.0.0.0 Safari/537.36"
127.0.0.1 - - [07/Apr/2026:10:13:02 +0700] "GET /static/appbuilder/js/ab_actions.js HTTP/1.1" 200 0 "http://localhost:8081/login/?next=http%3A%2F%2Flocalhost%3A8081%2Fhome" "Mozilla/5.0 (Windows NT 10.0; Win64; x64) AppleWebKit/537.36 (KHTML, like Gecko) Chrome/146.0.0.0 Safari/537.36"
127.0.0.1 - - [07/Apr/2026:10:13:02 +0700] "GET /static/appbuilder/js/bootstrap.min.js HTTP/1.1" 200 0 "http://localhost:8081/login/?next=http%3A%2F%2Flocalhost%3A8081%2Fhome" "Mozilla/5.0 (Windows NT 10.0; Win64; x64) AppleWebKit/537.36 (KHTML, like Gecko) Chrome/146.0.0.0 Safari/537.36"
127.0.0.1 - - [07/Apr/2026:10:13:02 +0700] "GET /static/appbuilder/css/webfonts/fa-solid-900.woff2 HTTP/1.1" 200 0 "http://localhost:8081/static/appbuilder/css/fontawesome/solid.min.css" "Mozilla/5.0 (Windows NT 10.0; Win64; x64) AppleWebKit/537.36 (KHTML, like Gecko) Chrome/146.0.0.0 Safari/537.36"
127.0.0.1 - - [07/Apr/2026:10:13:02 +0700] "GET /static/appbuilder/js/bootstrap-datepicker/bootstrap-datepicker.min.js HTTP/1.1" 200 0 "http://localhost:8081/login/?next=http%3A%2F%2Flocalhost%3A8081%2Fhome" "Mozilla/5.0 (Windows NT 10.0; Win64; x64) AppleWebKit/537.36 (KHTML, like Gecko) Chrome/146.0.0.0 Safari/537.36"
127.0.0.1 - - [07/Apr/2026:10:13:02 +0700] "GET /static/appbuilder/js/select2/select2.min.js HTTP/1.1" 200 0 "http://localhost:8081/login/?next=http%3A%2F%2Flocalhost%3A8081%2Fhome" "Mozilla/5.0 (Windows NT 10.0; Win64; x64) AppleWebKit/537.36 (KHTML, like Gecko) Chrome/146.0.0.0 Safari/537.36"
127.0.0.1 - - [07/Apr/2026:10:13:02 +0700] "GET /static/appbuilder/js/ab.js HTTP/1.1" 200 0 "http://localhost:8081/login/?next=http%3A%2F%2Flocalhost%3A8081%2Fhome" "Mozilla/5.0 (Windows NT 10.0; Win64; x64) AppleWebKit/537.36 (KHTML, like Gecko) Chrome/146.0.0.0 Safari/537.36"
127.0.0.1 - - [07/Apr/2026:10:13:02 +0700] "GET /static/dist/moment.0fcb6b41ff6a87cf079e.js HTTP/1.1" 200 0 "http://localhost:8081/login/?next=http%3A%2F%2Flocalhost%3A8081%2Fhome" "Mozilla/5.0 (Windows NT 10.0; Win64; x64) AppleWebKit/537.36 (KHTML, like Gecko) Chrome/146.0.0.0 Safari/537.36"
127.0.0.1 - - [07/Apr/2026:10:13:02 +0700] "GET /static/dist/main.6f9728400381098372e3.js HTTP/1.1" 200 0 "http://localhost:8081/login/?next=http%3A%2F%2Flocalhost%3A8081%2Fhome" "Mozilla/5.0 (Windows NT 10.0; Win64; x64) AppleWebKit/537.36 (KHTML, like Gecko) Chrome/146.0.0.0 Safari/537.36"
127.0.0.1 - - [07/Apr/2026:10:13:02 +0700] "GET /static/dist/bootstrap-datetimepicker.min.js HTTP/1.1" 200 0 "http://localhost:8081/login/?next=http%3A%2F%2Flocalhost%3A8081%2Fhome" "Mozilla/5.0 (Windows NT 10.0; Win64; x64) AppleWebKit/537.36 (KHTML, like Gecko) Chrome/146.0.0.0 Safari/537.36"
127.0.0.1 - - [07/Apr/2026:10:13:02 +0700] "GET /static/dist/bootstrap3-typeahead.min.js HTTP/1.1" 200 0 "http://localhost:8081/login/?next=http%3A%2F%2Flocalhost%3A8081%2Fhome" "Mozilla/5.0 (Windows NT 10.0; Win64; x64) AppleWebKit/537.36 (KHTML, like Gecko) Chrome/146.0.0.0 Safari/537.36"
127.0.0.1 - - [07/Apr/2026:10:13:03 +0700] "GET /static/pin_32.png HTTP/1.1" 200 0 "http://localhost:8081/login/?next=http%3A%2F%2Flocalhost%3A8081%2Fhome" "Mozilla/5.0 (Windows NT 10.0; Win64; x64) AppleWebKit/537.36 (KHTML, like Gecko) Chrome/146.0.0.0 Safari/537.36"
[[34m2026-04-07T10:13:06.023+0700[0m] {[34moverride.py:[0m1597} INFO[0m - Updated user Duc Minh[0m
127.0.0.1 - - [07/Apr/2026:10:13:06 +0700] "POST /login/?next=http%3A%2F%2Flocalhost%3A8081%2Fhome HTTP/1.1" 302 239 "http://localhost:8081/login/?next=http%3A%2F%2Flocalhost%3A8081%2Fhome" "Mozilla/5.0 (Windows NT 10.0; Win64; x64) AppleWebKit/537.36 (KHTML, like Gecko) Chrome/146.0.0.0 Safari/537.36"
127.0.0.1 - - [07/Apr/2026:10:13:06 +0700] "GET /home HTTP/1.1" 200 414074 "http://localhost:8081/login/?next=http%3A%2F%2Flocalhost%3A8081%2Fhome" "Mozilla/5.0 (Windows NT 10.0; Win64; x64) AppleWebKit/537.36 (KHTML, like Gecko) Chrome/146.0.0.0 Safari/537.36"
127.0.0.1 - - [07/Apr/2026:10:13:07 +0700] "GET /static/appbuilder/css/bootstrap.min.css HTTP/1.1" 304 0 "http://localhost:8081/home" "Mozilla/5.0 (Windows NT 10.0; Win64; x64) AppleWebKit/537.36 (KHTML, like Gecko) Chrome/146.0.0.0 Safari/537.36"
127.0.0.1 - - [07/Apr/2026:10:13:07 +0700] "GET /static/appbuilder/css/fontawesome/fontawesome.min.css HTTP/1.1" 304 0 "http://localhost:8081/home" "Mozilla/5.0 (Windows NT 10.0; Win64; x64) AppleWebKit/537.36 (KHTML, like Gecko) Chrome/146.0.0.0 Safari/537.36"
127.0.0.1 - - [07/Apr/2026:10:13:07 +0700] "GET /static/appbuilder/css/fontawesome/regular.min.css HTTP/1.1" 304 0 "http://localhost:8081/home" "Mozilla/5.0 (Windows NT 10.0; Win64; x64) AppleWebKit/537.36 (KHTML, like Gecko) Chrome/146.0.0.0 Safari/537.36"
127.0.0.1 - - [07/Apr/2026:10:13:07 +0700] "GET /static/appbuilder/css/fontawesome/solid.min.css HTTP/1.1" 304 0 "http://localhost:8081/home" "Mozilla/5.0 (Windows NT 10.0; Win64; x64) AppleWebKit/537.36 (KHTML, like Gecko) Chrome/146.0.0.0 Safari/537.36"
127.0.0.1 - - [07/Apr/2026:10:13:07 +0700] "GET /static/appbuilder/css/fontawesome/v4-shims.min.css HTTP/1.1" 304 0 "http://localhost:8081/home" "Mozilla/5.0 (Windows NT 10.0; Win64; x64) AppleWebKit/537.36 (KHTML, like Gecko) Chrome/146.0.0.0 Safari/537.36"
127.0.0.1 - - [07/Apr/2026:10:13:07 +0700] "GET /static/appbuilder/css/fontawesome/brands.min.css HTTP/1.1" 304 0 "http://localhost:8081/home" "Mozilla/5.0 (Windows NT 10.0; Win64; x64) AppleWebKit/537.36 (KHTML, like Gecko) Chrome/146.0.0.0 Safari/537.36"
127.0.0.1 - - [07/Apr/2026:10:13:07 +0700] "GET /static/appbuilder/css/bootstrap-datepicker/bootstrap-datepicker3.min.css HTTP/1.1" 304 0 "http://localhost:8081/home" "Mozilla/5.0 (Windows NT 10.0; Win64; x64) AppleWebKit/537.36 (KHTML, like Gecko) Chrome/146.0.0.0 Safari/537.36"
127.0.0.1 - - [07/Apr/2026:10:13:07 +0700] "GET /static/appbuilder/css/select2/select2.min.css HTTP/1.1" 304 0 "http://localhost:8081/home" "Mozilla/5.0 (Windows NT 10.0; Win64; x64) AppleWebKit/537.36 (KHTML, like Gecko) Chrome/146.0.0.0 Safari/537.36"
127.0.0.1 - - [07/Apr/2026:10:13:07 +0700] "GET /static/appbuilder/css/select2/select2-bootstrap.min.css HTTP/1.1" 304 0 "http://localhost:8081/home" "Mozilla/5.0 (Windows NT 10.0; Win64; x64) AppleWebKit/537.36 (KHTML, like Gecko) Chrome/146.0.0.0 Safari/537.36"
127.0.0.1 - - [07/Apr/2026:10:13:07 +0700] "GET /static/appbuilder/css/ab.css HTTP/1.1" 304 0 "http://localhost:8081/home" "Mozilla/5.0 (Windows NT 10.0; Win64; x64) AppleWebKit/537.36 (KHTML, like Gecko) Chrome/146.0.0.0 Safari/537.36"
127.0.0.1 - - [07/Apr/2026:10:13:07 +0700] "GET /static/appbuilder/css/flags/flags16.css HTTP/1.1" 304 0 "http://localhost:8081/home" "Mozilla/5.0 (Windows NT 10.0; Win64; x64) AppleWebKit/537.36 (KHTML, like Gecko) Chrome/146.0.0.0 Safari/537.36"
127.0.0.1 - - [07/Apr/2026:10:13:07 +0700] "GET /static/dist/airflowDefaultTheme.c93fb34380b84747e945.css HTTP/1.1" 304 0 "http://localhost:8081/home" "Mozilla/5.0 (Windows NT 10.0; Win64; x64) AppleWebKit/537.36 (KHTML, like Gecko) Chrome/146.0.0.0 Safari/537.36"
127.0.0.1 - - [07/Apr/2026:10:13:07 +0700] "GET /static/dist/materialIcons.ce0f77d10d4dc51f5f07.css HTTP/1.1" 304 0 "http://localhost:8081/home" "Mozilla/5.0 (Windows NT 10.0; Win64; x64) AppleWebKit/537.36 (KHTML, like Gecko) Chrome/146.0.0.0 Safari/537.36"
127.0.0.1 - - [07/Apr/2026:10:13:08 +0700] "GET /static/dist/switch.dc36fb509ef65ad7f478.css HTTP/1.1" 200 0 "http://localhost:8081/home" "Mozilla/5.0 (Windows NT 10.0; Win64; x64) AppleWebKit/537.36 (KHTML, like Gecko) Chrome/146.0.0.0 Safari/537.36"
127.0.0.1 - - [07/Apr/2026:10:13:08 +0700] "GET /static/dist/main.6f9728400381098372e3.css HTTP/1.1" 304 0 "http://localhost:8081/home" "Mozilla/5.0 (Windows NT 10.0; Win64; x64) AppleWebKit/537.36 (KHTML, like Gecko) Chrome/146.0.0.0 Safari/537.36"
127.0.0.1 - - [07/Apr/2026:10:13:08 +0700] "GET /static/dist/loadingDots.84963375c34df3f17aab.css HTTP/1.1" 304 0 "http://localhost:8081/home" "Mozilla/5.0 (Windows NT 10.0; Win64; x64) AppleWebKit/537.36 (KHTML, like Gecko) Chrome/146.0.0.0 Safari/537.36"
127.0.0.1 - - [07/Apr/2026:10:13:08 +0700] "GET /static/dist/bootstrap-datetimepicker.min.css HTTP/1.1" 304 0 "http://localhost:8081/home" "Mozilla/5.0 (Windows NT 10.0; Win64; x64) AppleWebKit/537.36 (KHTML, like Gecko) Chrome/146.0.0.0 Safari/537.36"
127.0.0.1 - - [07/Apr/2026:10:13:08 +0700] "GET /static/dist/dags.c5d1bd13ff016e1a8067.css HTTP/1.1" 200 0 "http://localhost:8081/home" "Mozilla/5.0 (Windows NT 10.0; Win64; x64) AppleWebKit/537.36 (KHTML, like Gecko) Chrome/146.0.0.0 Safari/537.36"
127.0.0.1 - - [07/Apr/2026:10:13:08 +0700] "GET /static/dist/flash.39f43f5a4fffad4cd720.css HTTP/1.1" 304 0 "http://localhost:8081/home" "Mozilla/5.0 (Windows NT 10.0; Win64; x64) AppleWebKit/537.36 (KHTML, like Gecko) Chrome/146.0.0.0 Safari/537.36"
127.0.0.1 - - [07/Apr/2026:10:13:08 +0700] "GET /static/appbuilder/js/jquery-latest.js HTTP/1.1" 304 0 "http://localhost:8081/home" "Mozilla/5.0 (Windows NT 10.0; Win64; x64) AppleWebKit/537.36 (KHTML, like Gecko) Chrome/146.0.0.0 Safari/537.36"
127.0.0.1 - - [07/Apr/2026:10:13:08 +0700] "GET /static/appbuilder/js/ab_actions.js HTTP/1.1" 304 0 "http://localhost:8081/home" "Mozilla/5.0 (Windows NT 10.0; Win64; x64) AppleWebKit/537.36 (KHTML, like Gecko) Chrome/146.0.0.0 Safari/537.36"
127.0.0.1 - - [07/Apr/2026:10:13:08 +0700] "GET /static/appbuilder/js/bootstrap.min.js HTTP/1.1" 304 0 "http://localhost:8081/home" "Mozilla/5.0 (Windows NT 10.0; Win64; x64) AppleWebKit/537.36 (KHTML, like Gecko) Chrome/146.0.0.0 Safari/537.36"
127.0.0.1 - - [07/Apr/2026:10:13:08 +0700] "GET /static/appbuilder/js/ab_filters.js HTTP/1.1" 304 0 "http://localhost:8081/home" "Mozilla/5.0 (Windows NT 10.0; Win64; x64) AppleWebKit/537.36 (KHTML, like Gecko) Chrome/146.0.0.0 Safari/537.36"
127.0.0.1 - - [07/Apr/2026:10:13:08 +0700] "GET /static/appbuilder/js/bootstrap-datepicker/bootstrap-datepicker.min.js HTTP/1.1" 304 0 "http://localhost:8081/home" "Mozilla/5.0 (Windows NT 10.0; Win64; x64) AppleWebKit/537.36 (KHTML, like Gecko) Chrome/146.0.0.0 Safari/537.36"
127.0.0.1 - - [07/Apr/2026:10:13:08 +0700] "GET /static/appbuilder/js/select2/select2.min.js HTTP/1.1" 304 0 "http://localhost:8081/home" "Mozilla/5.0 (Windows NT 10.0; Win64; x64) AppleWebKit/537.36 (KHTML, like Gecko) Chrome/146.0.0.0 Safari/537.36"
127.0.0.1 - - [07/Apr/2026:10:13:08 +0700] "GET /static/appbuilder/js/ab.js HTTP/1.1" 304 0 "http://localhost:8081/home" "Mozilla/5.0 (Windows NT 10.0; Win64; x64) AppleWebKit/537.36 (KHTML, like Gecko) Chrome/146.0.0.0 Safari/537.36"
127.0.0.1 - - [07/Apr/2026:10:13:09 +0700] "GET /static/dist/moment.0fcb6b41ff6a87cf079e.js HTTP/1.1" 304 0 "http://localhost:8081/home" "Mozilla/5.0 (Windows NT 10.0; Win64; x64) AppleWebKit/537.36 (KHTML, like Gecko) Chrome/146.0.0.0 Safari/537.36"
127.0.0.1 - - [07/Apr/2026:10:13:09 +0700] "GET /static/dist/main.6f9728400381098372e3.js HTTP/1.1" 304 0 "http://localhost:8081/home" "Mozilla/5.0 (Windows NT 10.0; Win64; x64) AppleWebKit/537.36 (KHTML, like Gecko) Chrome/146.0.0.0 Safari/537.36"
127.0.0.1 - - [07/Apr/2026:10:13:09 +0700] "GET /static/dist/bootstrap-datetimepicker.min.js HTTP/1.1" 304 0 "http://localhost:8081/home" "Mozilla/5.0 (Windows NT 10.0; Win64; x64) AppleWebKit/537.36 (KHTML, like Gecko) Chrome/146.0.0.0 Safari/537.36"
127.0.0.1 - - [07/Apr/2026:10:13:09 +0700] "GET /static/dist/bootstrap3-typeahead.min.js HTTP/1.1" 304 0 "http://localhost:8081/home" "Mozilla/5.0 (Windows NT 10.0; Win64; x64) AppleWebKit/537.36 (KHTML, like Gecko) Chrome/146.0.0.0 Safari/537.36"
127.0.0.1 - - [07/Apr/2026:10:13:09 +0700] "GET /static/dist/d3.min.js HTTP/1.1" 200 0 "http://localhost:8081/home" "Mozilla/5.0 (Windows NT 10.0; Win64; x64) AppleWebKit/537.36 (KHTML, like Gecko) Chrome/146.0.0.0 Safari/537.36"
127.0.0.1 - - [07/Apr/2026:10:13:09 +0700] "GET /static/dist/dags.c5d1bd13ff016e1a8067.js HTTP/1.1" 200 0 "http://localhost:8081/home" "Mozilla/5.0 (Windows NT 10.0; Win64; x64) AppleWebKit/537.36 (KHTML, like Gecko) Chrome/146.0.0.0 Safari/537.36"
127.0.0.1 - - [07/Apr/2026:10:13:09 +0700] "POST /last_dagruns HTTP/1.1" 200 2 "http://localhost:8081/home" "Mozilla/5.0 (Windows NT 10.0; Win64; x64) AppleWebKit/537.36 (KHTML, like Gecko) Chrome/146.0.0.0 Safari/537.36"
127.0.0.1 - - [07/Apr/2026:10:13:09 +0700] "POST /dag_stats HTTP/1.1" 200 8979 "http://localhost:8081/home" "Mozilla/5.0 (Windows NT 10.0; Win64; x64) AppleWebKit/537.36 (KHTML, like Gecko) Chrome/146.0.0.0 Safari/537.36"
127.0.0.1 - - [07/Apr/2026:10:13:09 +0700] "POST /task_stats HTTP/1.1" 200 28689 "http://localhost:8081/home" "Mozilla/5.0 (Windows NT 10.0; Win64; x64) AppleWebKit/537.36 (KHTML, like Gecko) Chrome/146.0.0.0 Safari/537.36"
127.0.0.1 - - [07/Apr/2026:10:13:09 +0700] "POST /blocked HTTP/1.1" 200 2 "http://localhost:8081/home" "Mozilla/5.0 (Windows NT 10.0; Win64; x64) AppleWebKit/537.36 (KHTML, like Gecko) Chrome/146.0.0.0 Safari/537.36"
[2026-04-07 10:15:00 +0700] [4327] [CRITICAL] WORKER TIMEOUT (pid:4414)
[2026-04-07 10:15:00 +0700] [4414] [ERROR] Error handling request (no URI read)
Traceback (most recent call last):
  File "/home/minhduc/airflow_env/lib/python3.9/site-packages/gunicorn/workers/sync.py", line 134, in handle
    req = next(parser)
  File "/home/minhduc/airflow_env/lib/python3.9/site-packages/gunicorn/http/parser.py", line 42, in __next__
    self.mesg = self.mesg_class(self.cfg, self.unreader, self.source_addr, self.req_count)
  File "/home/minhduc/airflow_env/lib/python3.9/site-packages/gunicorn/http/message.py", line 257, in __init__
    super().__init__(cfg, unreader, peer_addr)
  File "/home/minhduc/airflow_env/lib/python3.9/site-packages/gunicorn/http/message.py", line 60, in __init__
    unused = self.parse(self.unreader)
  File "/home/minhduc/airflow_env/lib/python3.9/site-packages/gunicorn/http/message.py", line 269, in parse
    self.get_data(unreader, buf, stop=True)
  File "/home/minhduc/airflow_env/lib/python3.9/site-packages/gunicorn/http/message.py", line 260, in get_data
    data = unreader.read()
  File "/home/minhduc/airflow_env/lib/python3.9/site-packages/gunicorn/http/unreader.py", line 37, in read
    d = self.chunk()
  File "/home/minhduc/airflow_env/lib/python3.9/site-packages/gunicorn/http/unreader.py", line 64, in chunk
    return self.sock.recv(self.mxchunk)
  File "/home/minhduc/airflow_env/lib/python3.9/site-packages/gunicorn/workers/base.py", line 203, in handle_abort
    sys.exit(1)
SystemExit: 1
[2026-04-07 10:15:00 +0700] [4414] [INFO] Worker exiting (pid: 4414)
[2026-04-07 10:15:00 +0700] [5622] [INFO] Booting worker with pid: 5622
[2026-04-07 10:18:43 +0700] [4327] [INFO] Handling signal: term
[2026-04-07 10:18:43 +0700] [4412] [INFO] Worker exiting (pid: 4412)
[2026-04-07 10:18:43 +0700] [5622] [INFO] Worker exiting (pid: 5622)
[2026-04-07 10:18:43 +0700] [4415] [INFO] Worker exiting (pid: 4415)
[2026-04-07 10:18:43 +0700] [4413] [INFO] Worker exiting (pid: 4413)
  ____________       _____________
 ____    |__( )_________  __/__  /________      __
____  /| |_  /__  ___/_  /_ __  /_  __ \_ | /| / /
___  ___ |  / _  /   _  __/ _  / / /_/ /_ |/ |/ /
 _/_/  |_/_/  /_/    /_/    /_/  \____/____/|__/
Running the Gunicorn Server with:
Workers: 4 sync
Host: 0.0.0.0:8081
Timeout: 120
Logfiles: - -
Access Logformat: 
=================================================================
[[34m2026-04-07T10:18:43.446+0700[0m] {[34mwebserver_command.py:[0m430} INFO[0m - Received signal: 15. Closing gunicorn.[0m
[2026-04-07 10:18:44 +0700] [4327] [INFO] Shutting down: Master
